2018-03-21 08:42:30 [INFO]- Hello palmchat4.2
2018-03-21 08:42:30 [DEBUG]- Palmchat V4.2.23 log init!
2018-03-21 08:42:30 [DEBUG]- dir = 69
2018-03-21 08:42:30 [DEBUG]- [vm_main]:af_cell_id=0
2018-03-21 08:42:30 [DEBUG]- ui_core_send_sys_msg message=4, param=0
2018-03-21 08:42:30 [DEBUG]- ui_core_send_sys_msg message=1, param=0
2018-03-21 08:42:30 [DEBUG]- af_file_folder_init file_path = E:\palmchat4.2\temp
2018-03-21 08:42:30 [DEBUG]- af_file_folder_init 1 file_find_hdl = 1
2018-03-21 08:42:30 [DEBUG]- g_app_settings_init filename=E:\palmchat4.2\im_240x320\353033073043600\settings, fn=E:\palmchat4.2\im_240x320\353033073043600\settings
2018-03-21 08:42:30 [DEBUG]- json_object_from_file >>p_file:4
2018-03-21 08:42:30 [DEBUG]- g_app_settings_init pwd = 0
2018-03-21 08:42:30 [DEBUG]- json_object_from_file >>p_file:5
2018-03-21 08:42:30 [DEBUG]- json_object_from_file >>p_file:9
2018-03-21 08:42:31 [DEBUG]- af_release_audio_file 1 [FILE]  hdl = -2
2018-03-21 08:42:31 [DEBUG]- et_release_audio_file 2  [FILE]  hdl = -2
2018-03-21 08:42:31 [DEBUG]- af_ui_check_info_file file_exist 1
2018-03-21 08:42:31 [DEBUG]- json_object_from_file >>p_file:14
2018-03-21 08:42:31 [DEBUG]- af_ui_check_info_file ret=0
2018-03-21 08:42:31 [DEBUG]- [af_ui_check_res_file]:need_update_res=0
2018-03-21 08:42:31 [DEBUG]- af_ui_check_res_file res_file_exist 1
2018-03-21 08:42:31 [DEBUG]- af_ui_check_res_file ret=1
2018-03-21 08:42:31 [DEBUG]- l_init_resource 1 [FILE] l_pResCore->nFileHandle = 16
2018-03-21 08:42:31 [DEBUG]- [TEST]vm_calloc: resource_load_no_decode_image:f03dc0fc,24682
2018-03-21 08:42:31 [DEBUG]- af_ui_client_init_proc resource init end
2018-03-21 08:42:31 [DEBUG]- [af_ui_client_init_proc]:sms_handler_ret=0
2018-03-21 08:42:31 [DEBUG]- Af_parse_mcc2code_file 2  [FILE][CLOSE]  hdl = 19
2018-03-21 08:42:31 [DEBUG]- Af_parse_mcc2code_file 1  [FILE][CLOSE]  hdl = 20
2018-03-21 08:42:31 [DEBUG]- [af_app_model_init_recent]:function begin
2018-03-21 08:42:31 [DEBUG]- af_server_dispatch start -----oversea
2018-03-21 08:42:31 [DEBUG]- af_server_dispatch server index : 0
2018-03-21 08:42:31 [DEBUG]- yj_http_request_sent>>socket_id:-1
2018-03-21 08:42:31 [DEBUG]- yj_allot_ssesion_item>>free 0
2018-03-21 08:42:31 [DEBUG]- yj_allot_ssesion_item>>free 1
2018-03-21 08:42:31 [DEBUG]- vm_tcp_connect >>begin to connect! 
2018-03-21 08:42:31 [DEBUG]- socket_handle=1, ptr=4030610704
2018-03-21 08:42:31 [DEBUG]- [af_server_dispatch]:imsi=630900102120436,mcc=630, ret=1
2018-03-21 08:42:35 [DEBUG]- yj_tcp_module_hook event=5, handle=1
2018-03-21 08:42:36 [DEBUG]- i=0 socket_handle=1, ptr=4030610704
2018-03-21 08:42:36 [DEBUG]- yj_get_item_info_by_soc_id  found i=0 ret = 4030526084
2018-03-21 08:42:36 [DEBUG]- yj_get_item_info_by_soc_id ret = 4030526084
2018-03-21 08:42:36 [DEBUG]- {HTTP MODULE} http comm pipe[1] get host by name error.
2018-03-21 08:42:36 [DEBUG]- af_server_dispatch callback session=-264356592,bResponse=-3
2018-03-21 08:42:36 [DEBUG]- [af_cmd_func_plan]:res=-3, msec=5000, func=-265219056
2018-03-21 08:42:36 [DEBUG]- [af_cmd_func_plan]:fg_tries=0, msec=5000, func=-265219056
2018-03-21 08:42:36 [DEBUG]- af_cmd_func_reset_state>>lookup_func :4030607376
2018-03-21 08:42:36 [DEBUG]- af_cmd_func_reset_state>>index :0
2018-03-21 08:42:36 [DEBUG]- af_cmd_func_reset_state>>index_2 :0
2018-03-21 08:42:36 [DEBUG]- [af_cmd_func_start_timer]:ret=1,i=0,cmd_func=f0311410,timer_id=5,wr_err=0
2018-03-21 08:42:36 [DEBUG]- yj_ret_session_item>>session_item_ptr:4030526084
2018-03-21 08:42:36 [DEBUG]- yj_ret_session_item>>free begin_root
2018-03-21 08:42:36 [DEBUG]- yj_ret_session_item>>free end  1
2018-03-21 08:42:36 [DEBUG]- yj_ret_session_item>>free begin 1
2018-03-21 08:42:36 [DEBUG]- yj_ret_session_item>>free end 1
2018-03-21 08:42:36 [DEBUG]- yj_ret_session_item>>free begin 2
2018-03-21 08:42:36 [DEBUG]- yj_ret_session_item>>free end 2
2018-03-21 08:42:36 [DEBUG]- yj_ret_session_item>>end
2018-03-21 08:42:37 [DEBUG]- ui_core_send_sys_msg message=6, param=0
2018-03-21 08:42:37 [DEBUG]- [ui_core_send_sys_msg]:has_sim=1
2018-03-21 08:42:37 [DEBUG]- af_server_dispatch start -----oversea
2018-03-21 08:42:37 [DEBUG]- af_server_dispatch server index : 1
2018-03-21 08:42:37 [DEBUG]- yj_http_request_sent>>socket_id:-1
2018-03-21 08:42:37 [DEBUG]- yj_allot_ssesion_item>>free 0
2018-03-21 08:42:37 [DEBUG]- yj_allot_ssesion_item>>free 1
2018-03-21 08:42:37 [DEBUG]- vm_tcp_connect >>begin to connect! 
2018-03-21 08:42:37 [DEBUG]- socket_handle=2, ptr=4030610980
2018-03-21 08:42:37 [DEBUG]- [af_server_dispatch]:imsi=630900102120436,mcc=630, ret=1
2018-03-21 08:42:38 [DEBUG]- yj_tcp_module_hook event=5, handle=2
2018-03-21 08:42:38 [DEBUG]- i=0 socket_handle=2, ptr=4030610980
2018-03-21 08:42:38 [DEBUG]- yj_get_item_info_by_soc_id  found i=0 ret = 4030526084
2018-03-21 08:42:38 [DEBUG]- yj_get_item_info_by_soc_id ret = 4030526084
2018-03-21 08:42:38 [DEBUG]- {HTTP MODULE} http comm pipe[2] get host by name error.
2018-03-21 08:42:38 [DEBUG]- af_server_dispatch callback session=-264356316,bResponse=-3
2018-03-21 08:42:38 [DEBUG]- [af_cmd_func_plan]:res=-3, msec=5000, func=-265219056
2018-03-21 08:42:38 [DEBUG]- [af_cmd_func_plan]:bg_tries=0, msec=5000, func=-265219056
2018-03-21 08:42:39 [DEBUG]- af_cmd_func_reset_state>>lookup_func :4030607376
2018-03-21 08:42:39 [DEBUG]- af_cmd_func_reset_state>>index :0
2018-03-21 08:42:39 [DEBUG]- af_cmd_func_reset_state>>index_2 :0
2018-03-21 08:42:39 [DEBUG]- [af_cmd_func_start_timer]:ret=1,i=0,cmd_func=f0311410,timer_id=9,wr_err=0
2018-03-21 08:42:39 [DEBUG]- yj_ret_session_item>>session_item_ptr:4030526084
2018-03-21 08:42:39 [DEBUG]- yj_ret_session_item>>free begin_root
2018-03-21 08:42:39 [DEBUG]- yj_ret_session_item>>free end  1
2018-03-21 08:42:39 [DEBUG]- yj_ret_session_item>>free begin 1
2018-03-21 08:42:39 [DEBUG]- yj_ret_session_item>>free end 1
2018-03-21 08:42:39 [DEBUG]- yj_ret_session_item>>free begin 2
2018-03-21 08:42:39 [DEBUG]- yj_ret_session_item>>free end 2
2018-03-21 08:42:39 [DEBUG]- yj_ret_session_item>>end
2018-03-21 08:43:09 [DEBUG]- [af_cmd_func_timer_cb]:i=0,cmdfunc=f0311410,timer_id=9
2018-03-21 08:43:09 [DEBUG]- af_server_dispatch start -----oversea
2018-03-21 08:43:09 [DEBUG]- af_server_dispatch server index : 0
2018-03-21 08:43:09 [DEBUG]- yj_http_request_sent>>socket_id:-1
2018-03-21 08:43:09 [DEBUG]- yj_allot_ssesion_item>>free 0
2018-03-21 08:43:09 [DEBUG]- yj_allot_ssesion_item>>free 1
2018-03-21 08:43:09 [DEBUG]- vm_tcp_connect >>begin to connect! 
2018-03-21 08:43:09 [DEBUG]- socket_handle=3, ptr=4030610980
2018-03-21 08:43:09 [DEBUG]- [af_server_dispatch]:imsi=630900102120436,mcc=630, ret=1
2018-03-21 08:43:42 [DEBUG]- ui_core_send_sys_msg message=5, param=0
